<?xml version="1.0" encoding="UTF-8"?>
<testng-results ignored="0" total="1" passed="1" failed="0" skipped="0">
  <reporter-output>
  </reporter-output>
  <suite started-at="2023-04-17T11:07:59 IST" name="Default suite" finished-at="2023-04-17T11:08:01 IST" duration-ms="2083">
    <groups>
    </groups>
    <test started-at="2023-04-17T11:07:59 IST" name="Default test" finished-at="2023-04-17T11:08:01 IST" duration-ms="2083">
      <class name="com.flow.extendreports">
        <test-method is-config="true" signature="before()[pri:0, instance:com.flow.extendreports@576d5deb]" started-at="2023-04-17T11:07:59 IST" name="before" finished-at="2023-04-17T11:08:01 IST" duration-ms="1963" status="PASS">
          <reporter-output>
          </reporter-output>
        </test-method> <!-- before -->
        <test-method signature="report()[pri:0, instance:com.flow.extendreports@576d5deb]" started-at="2023-04-17T11:08:01 IST" name="report" finished-at="2023-04-17T11:08:01 IST" duration-ms="9" status="PASS">
          <reporter-output>
          </reporter-output>
        </test-method> <!-- report -->
      </class> <!-- com.flow.extendreports -->
    </test> <!-- Default test -->
  </suite> <!-- Default suite -->
</testng-results>
